#
# A fatal error has been detected by the Java Runtime Environment:
#
#  EXCEPTION_ACCESS_VIOLATION (0xc0000005) at pc=0x00007ffaacbab5b6, pid=9576, tid=17432
#
# JRE version: OpenJDK Runtime Environment Temurin-21.0.6+7 (21.0.6+7) (build 21.0.6+7-LTS)
# Java VM: OpenJDK 64-Bit Server VM Temurin-21.0.6+7 (21.0.6+7-LTS, mixed mode, sharing, tiered, compressed oops, compressed class ptrs, g1 gc, windows-amd64)
# Problematic frame:
# C  [awt.dll+0xdb5b6]
#
# No core dump will be written. Minidumps are not enabled by default on client versions of Windows
#
# If you would like to submit a bug report, please visit:
#   https://github.com/adoptium/adoptium-support/issues
# The crash happened outside the Java Virtual Machine in native code.
# See problematic frame for where to report the bug.
#

---------------  S U M M A R Y ------------

Command Line: io.qameta.allure.CommandLine serve target/allure-results

Host: 11th Gen Intel(R) Core(TM) i5-1135G7 @ 2.40GHz, 8 cores, 15G,  Windows 11 , 64 bit Build 26100 (10.0.26100.7019)
Time: Thu Nov 27 10:41:12 2025 SE Asia Standard Time elapsed time: 72479.194043 seconds (0d 20h 7m 59s)

---------------  T H R E A D  ---------------

Current thread (0x000001d320cb4910):  JavaThread "AWT-EventQueue-0"        [_thread_in_native, id=17432, stack(0x0000001b3af00000,0x0000001b3b000000) (1024K)]

Stack: [0x0000001b3af00000,0x0000001b3b000000],  sp=0x0000001b3affe960,  free space=1018k
Native frames: (J=compiled Java code, j=interpreted, Vv=VM code, C=native code)
C  [awt.dll+0xdb5b6]

Java frames: (J=compiled Java code, j=interpreted, Vv=VM code)
j  sun.awt.Win32GraphicsDevice.initNativeScale(I)V+0 java.desktop@21.0.6
j  sun.awt.Win32GraphicsDevice.initScaleFactors()V+60 java.desktop@21.0.6
j  sun.awt.Win32GraphicsDevice.displayChanged()V+16 java.desktop@21.0.6
j  sun.awt.Win32GraphicsEnvironment.displayChanged()V+271 java.desktop@21.0.6
j  sun.awt.windows.WToolkit.lambda$displayChanged$4()V+15 java.desktop@21.0.6
j  sun.awt.windows.WToolkit$$Lambda+0x000001d2dc445ac8.run()V+0 java.desktop@21.0.6
j  java.awt.event.InvocationEvent.dispatch()V+47 java.desktop@21.0.6
j  java.awt.EventQueue.dispatchEventImpl(Ljava/awt/AWTEvent;Ljava/lang/Object;)V+21 java.desktop@21.0.6
j  java.awt.EventQueue$4.run()Ljava/lang/Void;+32 java.desktop@21.0.6
j  java.awt.EventQueue$4.run()Ljava/lang/Object;+1 java.desktop@21.0.6
J 3327 c1 java.security.AccessController.executePrivileged(Ljava/security/PrivilegedAction;Ljava/security/AccessControlContext;Ljava/lang/Class;)Ljava/lang/Object; java.base@21.0.6 (65 bytes) @ 0x000001d2c3899844 [0x000001d2c38996e0+0x0000000000000164]
j  java.security.AccessController.doPrivileged(Ljava/security/PrivilegedAction;Ljava/security/AccessControlContext;)Ljava/lang/Object;+13 java.base@21.0.6
j  java.security.ProtectionDomain$JavaSecurityAccessImpl.doIntersectionPrivilege(Ljava/security/PrivilegedAction;Ljava/security/AccessControlContext;Ljava/security/AccessControlContext;)Ljava/lang/Object;+18 java.base@21.0.6
j  java.awt.EventQueue.dispatchEvent(Ljava/awt/AWTEvent;)V+46 java.desktop@21.0.6
j  java.awt.EventDispatchThread.pumpOneEventForFilters(I)V+81 java.desktop@21.0.6
j  java.awt.EventDispatchThread.pumpEventsForFilter(ILjava/awt/Conditional;Ljava/awt/EventFilter;)V+35 java.desktop@21.0.6
j  java.awt.EventDispatchThread.pumpEventsForHierarchy(ILjava/awt/Conditional;Ljava/awt/Component;)V+11 java.desktop@21.0.6
j  java.awt.EventDispatchThread.pumpEvents(ILjava/awt/Conditional;)V+4 java.desktop@21.0.6
j  java.awt.EventDispatchThread.pumpEvents(Ljava/awt/Conditional;)V+3 java.desktop@21.0.6
j  java.awt.EventDispatchThread.run()V+9 java.desktop@21.0.6
v  ~StubRoutines::call_stub 0x000001d2ca7610e7

siginfo: EXCEPTION_ACCESS_VIOLATION (0xc0000005), reading address 0x0000000000a8081a


Registers:
RAX=0x0000000000a807ca, RBX=0x000001d321c8df20, RCX=0x0000000000a807ca, RDX=0x0000000000000000
RSP=0x0000001b3affe960, RBP=0x0000001b3affea40, RSI=0x0000000000000000, RDI=0x0000000000000000
R8 =0x0000000000000001, R9 =0x0000001b3ab34000, R10=0x000001d2ca76cf1c, R11=0x0000000000000100
R12=0x0000000000000000, R13=0x000001d31dcec0c8, R14=0x0000001b3affea68, R15=0x000001d320cb4910
RIP=0x00007ffaacbab5b6, EFLAGS=0x0000000000010206

XMM[0]=0x0000000000000000 0x0000000000000000
XMM[1]=0x0000000000000000 0x00000000bf800000
XMM[2]=0x0000000000000000 0x0000000000000000
XMM[3]=0x0000000000000000 0x0000000000000000
XMM[4]=0x0000000000000000 0x0000000000000000
XMM[5]=0x000001d2db1879c8 0x000001d2db187668
XMM[6]=0x0000000000000000 0x0000000000000000
XMM[7]=0x0000000000000000 0x0000000000000000
XMM[8]=0x0000000000000000 0x0000000000000000
XMM[9]=0x0000000000000000 0x0000000000000000
XMM[10]=0x0000000000000000 0x0000000000000000
XMM[11]=0x0000000000000000 0x0000000000000000
XMM[12]=0x0000000000000000 0x0000000000000000
XMM[13]=0x0000000000000000 0x0000000000000000
XMM[14]=0x0000000000000000 0x0000000000000000
XMM[15]=0x0000000000000000 0x0000000000000000
  MXCSR=0x00001fa0


Register to memory mapping:

RAX=0x0000000000a807ca is an unknown value
RBX=0x000001d321c8df20 points into unknown readable memory: 0x000001d320458a30 | 30 8a 45 20 d3 01 00 00
RCX=0x0000000000a807ca is an unknown value
RDX=0x0 is null
RSP=0x0000001b3affe960 is pointing into the stack for thread: 0x000001d320cb4910
RBP=0x0000001b3affea40 is pointing into the stack for thread: 0x000001d320cb4910
RSI=0x0 is null
RDI=0x0 is null
R8 =0x0000000000000001 is an unknown value
R9 =0x0000001b3ab34000 points into unknown readable memory: 0x0000000000000000 | 00 00 00 00 00 00 00 00
R10=0x000001d2ca76cf1c is at code_begin+1020 in an Interpreter codelet
native method entry point (kind = native)  [0x000001d2ca76cb20, 0x000001d2ca76d748]  3112 bytes
R11=0x0000000000000100 is an unknown value
R12=0x0 is null
R13={method} {0x000001d31dcec0d0} 'initNativeScale' '(I)V' in 'sun/awt/Win32GraphicsDevice'
R14=0x0000001b3affea68 is pointing into the stack for thread: 0x000001d320cb4910
R15=0x000001d320cb4910 is a thread

Top of Stack: (sp=0x0000001b3affe960)
0x0000001b3affe960:   000001d321c8df20 000001d2ca768988
0x0000001b3affe970:   0000000000000000 000001d321c8df20
0x0000001b3affe980:   000001d321c8df20 00007ffaacbacdf2
0x0000001b3affe990:   00007ffaacc0a848 000001d31dcec0c8
0x0000001b3affe9a0:   0000000000000000 00007ffa6a07d328
0x0000001b3affe9b0:   000001d2ca7689d2 000001d2ca76cf4b
0x0000001b3affe9c0:   000001d31dcec0c8 000001d320cb4910
0x0000001b3affe9d0:   0000000000000000 0000000000000000
0x0000001b3affe9e0:   0000001b3affea40 0000000000000001
0x0000001b3affe9f0:   000000070bdd2890 0000001b3affe9f8
0x0000001b3affea00:   0000000000000000 0000000000000005
0x0000001b3affea10:   000001d31dceefb0 0000000000000000
0x0000001b3affea20:   000000070bc4f1e8 000001d31dcec0c8
0x0000001b3affea30:   0000000000000000 0000001b3affea60
0x0000001b3affea40:   0000001b3affeab8 000001d2ca768860
0x0000001b3affea50:   0000000000000000 000001d2ca76a3d7
0x0000001b3affea60:   0000000000000000 000000070bdd2220
0x0000001b3affea70:   0000001b3affea70 000001d31dcec71c
0x0000001b3affea80:   0000000000000002 000001d31dceefb0
0x0000001b3affea90:   0000000000000000 000000070bc4f1e8
0x0000001b3affeaa0:   000001d31dcec768 0000001b3affea60
0x0000001b3affeab0:   0000001b3affeac8 0000001b3affeb18
0x0000001b3affeac0:   000001d2ca768860 000000070bdd2220
0x0000001b3affead0:   0000001b3affead0 000001d31dcedfe0
0x0000001b3affeae0:   0000000000000003 000001d31dceefb0
0x0000001b3affeaf0:   0000000000000000 000000070bc4f1e8
0x0000001b3affeb00:   000001d31dcee028 0000001b3affeac8
0x0000001b3affeb10:   0000001b3affeb30 0000001b3affeb80
0x0000001b3affeb20:   000001d2ca768860 0000000000000000
0x0000001b3affeb30:   000000070bdd2220 0000001b3affeb38
0x0000001b3affeb40:   000001d31dcdd3af 0000000000000008
0x0000001b3affeb50:   000001d31dce11c0 0000000000000000 

Instructions: (pc=0x00007ffaacbab5b6)
0x00007ffaacbab4b6:   00 68 00 00 00 0f 11 44 24 34 0f 11 44 24 44 0f
0x00007ffaacbab4c6:   11 44 24 54 0f 11 44 24 64 0f 11 44 24 74 0f 11
0x00007ffaacbab4d6:   84 24 84 00 00 00 89 84 24 94 00 00 00 c7 44 24
0x00007ffaacbab4e6:   30 68 00 00 00 48 8d 94 24 a0 00 00 00 48 8b cd
0x00007ffaacbab4f6:   ff 15 cc 88 06 00 85 c0 74 40 48 8d 54 24 30 48
0x00007ffaacbab506:   8b ce ff 15 ba 88 06 00 85 c0 74 2e 48 8d 54 24
0x00007ffaacbab516:   34 48 8d 8c 24 a4 00 00 00 ff 15 eb 83 06 00 85
0x00007ffaacbab526:   c0 74 17 48 8d 54 24 44 48 8d 8c 24 b4 00 00 00
0x00007ffaacbab536:   ff 15 d4 83 06 00 85 c0 75 11 ff c7 3b 7b 0c 0f
0x00007ffaacbab546:   8c 15 ff ff ff 8b 3d 4f be 06 00 48 8b cb e8 b7
0x00007ffaacbab556:   c9 f4 ff 90 8b c7 48 8b 8c 24 10 01 00 00 48 33
0x00007ffaacbab566:   cc e8 54 02 01 00 4c 8d 9c 24 20 01 00 00 49 8b
0x00007ffaacbab576:   5b 18 49 8b 6b 20 49 8b 73 28 49 8b e3 5f c3 cc
0x00007ffaacbab586:   cc cc cc cc cc cc cc cc cc cc 48 8b 41 08 48 8b
0x00007ffaacbab596:   80 18 0c 00 00 c3 cc cc cc cc 48 8b 41 08 48 05
0x00007ffaacbab5a6:   00 04 00 00 c3 cc cc cc cc cc 40 53 48 83 ec 20
0x00007ffaacbab5b6:   83 79 50 00 48 8b d9 75 56 48 8b 49 28 4c 8d 44
0x00007ffaacbab5c6:   24 38 48 8d 54 24 30 c7 44 24 30 00 00 80 bf c7
0x00007ffaacbab5d6:   44 24 38 00 00 80 bf e8 be e1 00 00 f3 0f 10 54
0x00007ffaacbab5e6:   24 30 0f 57 c0 0f 2f d0 76 25 f3 0f 10 4c 24 38
0x00007ffaacbab5f6:   0f 2f c8 76 1a f3 0f 5e 15 09 a7 02 00 f3 0f 5e
0x00007ffaacbab606:   0d 01 a7 02 00 f3 0f 11 53 48 f3 0f 11 4b 4c 48
0x00007ffaacbab616:   83 c4 20 5b c3 cc cc cc cc cc 48 89 5c 24 10 48
0x00007ffaacbab626:   89 74 24 18 48 89 7c 24 20 41 56 48 83 ec 40 48
0x00007ffaacbab636:   8b d9 48 83 79 18 00 75 14 b9 28 04 00 00 e8 97
0x00007ffaacbab646:   97 00 00 48 89 43 18 c7 00 28 00 00 00 48 8b 43
0x00007ffaacbab656:   18 33 ff 66 89 78 0e 48 8b 4b 28 e8 5a 03 00 00
0x00007ffaacbab666:   48 8b f0 ba 01 00 00 00 44 8b c2 48 8b c8 ff 15
0x00007ffaacbab676:   b6 7f 06 00 4c 8b f0 89 7c 24 30 48 8b 4b 18 48
0x00007ffaacbab686:   89 4c 24 28 48 89 7c 24 20 44 8d 4f 01 45 33 c0
0x00007ffaacbab696:   48 8b d0 48 8b ce ff 15 6e 80 06 00 48 8b 53 30
0x00007ffaacbab6a6:   48 8b 0b 83 79 04 08 0f 8e 01 02 00 00 f6 42 24 


Stack slot to memory mapping:

stack at sp + 0 slots: 0x000001d321c8df20 points into unknown readable memory: 0x000001d320458a30 | 30 8a 45 20 d3 01 00 00
stack at sp + 1 slots: 0x000001d2ca768988 is at code_begin+1480 in an Interpreter codelet
return entry points  [0x000001d2ca7683c0, 0x000001d2ca768f60]  2976 bytes
stack at sp + 2 slots: 0x0 is null
stack at sp + 3 slots: 0x000001d321c8df20 points into unknown readable memory: 0x000001d320458a30 | 30 8a 45 20 d3 01 00 00
stack at sp + 4 slots: 0x000001d321c8df20 points into unknown readable memory: 0x000001d320458a30 | 30 8a 45 20 d3 01 00 00
stack at sp + 5 slots: 0x00007ffaacbacdf2 awt.dll
stack at sp + 6 slots: 0x00007ffaacc0a848 awt.dll
stack at sp + 7 slots: {method} {0x000001d31dcec0d0} 'initNativeScale' '(I)V' in 'sun/awt/Win32GraphicsDevice'


Compiled method (c1) 72479416 3327       3       java.security.AccessController::executePrivileged (65 bytes)
 total in heap  [0x000001d2c3899510,0x000001d2c3899b00] = 1520
 relocation     [0x000001d2c3899670,0x000001d2c38996d8] = 104
 main code      [0x000001d2c38996e0,0x000001d2c3899988] = 680
 stub code      [0x000001d2c3899988,0x000001d2c38999e0] = 88
 metadata       [0x000001d2c38999e0,0x000001d2c38999f0] = 16
 scopes data    [0x000001d2c38999f0,0x000001d2c3899a68] = 120
 scopes pcs     [0x000001d2c3899a68,0x000001d2c3899ae8] = 128
 dependencies   [0x000001d2c3899ae8,0x000001d2c3899af0] = 8
 nul chk table  [0x000001d2c3899af0,0x000001d2c3899b00] = 16

[Constant Pool (empty)]

[MachCode]
[Verified Entry Point]
  # {method} {0x000001d2db46cee0} 'executePrivileged' '(Ljava/security/PrivilegedAction;Ljava/security/AccessControlContext;Ljava/lang/Class;)Ljava/lang/Object;' in 'java/security/AccessController'
  # parm0:    rdx:rdx   = 'java/security/PrivilegedAction'
  # parm1:    r8:r8     = 'java/security/AccessControlContext'
  # parm2:    r9:r9     = 'java/lang/Class'
  #           [sp+0x50]  (sp of caller)
  0x000001d2c38996e0: 8984 2400 | 80ff ff55 | 4883 ec40 | 4181 7f20 | 0300 0000 

  0x000001d2c38996f4: ;   {runtime_call StubRoutines (final stubs)}
  0x000001d2c38996f4: 7405 e8c5 | c5ef 064c | 8944 2430 

  0x000001d2c3899700: ;   {metadata(method data for {method} {0x000001d2db46cee0} 'executePrivileged' '(Ljava/security/PrivilegedAction;Ljava/security/AccessControlContext;Ljava/lang/Class;)Ljava/lang/Object;' in 'java/security/AccessController')}
  0x000001d2c3899700: 48be a809 | 221c d301 | 0000 8bbe | cc00 0000 | 83c7 0289 | becc 0000 | 0081 e7fe | 0700 0085 
  0x000001d2c3899720: ff0f 84bf | 0100 004d 

  0x000001d2c3899728: ;   {metadata(method data for {method} {0x000001d2db46cee0} 'executePrivileged' '(Ljava/security/PrivilegedAction;Ljava/security/AccessControlContext;Ljava/lang/Class;)Ljava/lang/Object;' in 'java/security/AccessController')}
  0x000001d2c3899728: 85c0 48be | a809 221c | d301 0000 | 48c7 c710 | 0100 0074 | 0748 c7c7 | 2001 0000 | 488b 1c3e 
  0x000001d2c3899748: 488d 5b01 | 4889 1c3e | 4c89 4c24 | 2848 8954 | 2420 0f84 | 2400 0000 

  0x000001d2c3899760: ;   {metadata(method data for {method} {0x000001d2db46cee0} 'executePrivileged' '(Ljava/security/PrivilegedAction;Ljava/security/AccessControlContext;Ljava/lang/Class;)Ljava/lang/Object;' in 'java/security/AccessController')}
  0x000001d2c3899760: 48be a809 | 221c d301 | 0000 4883 | 8630 0100 | 0001 498b 

  0x000001d2c3899774: ;   {static_call}
  0x000001d2c3899774: d066 90e8 

  0x000001d2c3899778: ; ImmutableOopMap {[32]=Oop [40]=Oop [48]=Oop }
                      ;*invokestatic ensureMaterializedForStackWalk {reexecute=0 rethrow=0 return_oop=0}
                      ; - java.security.AccessController::executePrivileged@5 (line 774)
  0x000001d2c3899778: 2002 0000 

  0x000001d2c389977c: ;   {other}
  0x000001d2c389977c: 0f1f 8400 | 6c02 0000 

  0x000001d2c3899784: ;   {metadata(method data for {method} {0x000001d2db46cee0} 'executePrivileged' '(Ljava/security/PrivilegedAction;Ljava/security/AccessControlContext;Ljava/lang/Class;)Ljava/lang/Object;' in 'java/security/AccessController')}
  0x000001d2c3899784: 48ba a809 | 221c d301 | 0000 ff82 | 4001 0000 | 488b 5424 | 2048 3b02 

  0x000001d2c389979c: ;   {metadata(method data for {method} {0x000001d2db46cee0} 'executePrivileged' '(Ljava/security/PrivilegedAction;Ljava/security/AccessControlContext;Ljava/lang/Class;)Ljava/lang/Object;' in 'java/security/AccessController')}
  0x000001d2c389979c: 488b f248 | bfa8 0922 | 1cd3 0100 | 008b 7608 | 49ba 0000 | 00db d201 | 0000 4903 | f248 3bb7 
  0x000001d2c38997bc: b001 0000 | 750d 4883 | 87b8 0100 | 0001 e960 | 0000 0048 | 3bb7 c001 | 0000 750d | 4883 87c8 
  0x000001d2c38997dc: 0100 0001 | e94a 0000 | 0048 83bf | b001 0000 | 0075 1748 | 89b7 b001 | 0000 48c7 | 87b8 0100 
  0x000001d2c38997fc: 0001 0000 | 00e9 2900 | 0000 4883 | bfc0 0100 | 0000 7517 | 4889 b7c0 | 0100 0048 | c787 c801 
  0x000001d2c389981c: 0000 0100 | 0000 e908 | 0000 0048 | 8387 a001 | 0000 0166 | 0f1f 4400 | 0048 b830 | 00d6 21d3 
  0x000001d2c389983c: ;   {virtual_call}
  0x000001d2c389983c: 0100 00e8 

  0x000001d2c3899840: ; ImmutableOopMap {[40]=Oop [48]=Oop }
                      ;*invokeinterface run {reexecute=0 rethrow=0 return_oop=0}
                      ; - java.security.AccessController::executePrivileged@29 (line 778)
  0x000001d2c3899840: 8c60 ff06 

  0x000001d2c3899844: ;   {other}
  0x000001d2c3899844: 0f1f 8400 | 3403 0001 

  0x000001d2c389984c: ;   {metadata(method data for {method} {0x000001d2db46cee0} 'executePrivileged' '(Ljava/security/PrivilegedAction;Ljava/security/AccessControlContext;Ljava/lang/Class;)Ljava/lang/Object;' in 'java/security/AccessController')}
  0x000001d2c389984c: 48be a809 | 221c d301 | 0000 ff86 | d801 0000 | 4c8b 4c24 

  0x000001d2c3899860: ;   {metadata(method data for {method} {0x000001d2db46cee0} 'executePrivileged' '(Ljava/security/PrivilegedAction;Ljava/security/AccessControlContext;Ljava/lang/Class;)Ljava/lang/Object;' in 'java/security/AccessController')}
  0x000001d2c3899860: 2848 bea8 | 0922 1cd3 | 0100 0048 | 8386 3802 

  0x000001d2c3899870: ;   {metadata(method data for {method} {0x000001d2db03d050} 'reachabilityFence' '(Ljava/lang/Object;)V' in 'java/lang/ref/Reference')}
  0x000001d2c3899870: 0000 0148 | be00 eb02 | 1cd3 0100 | 008b becc | 0000 0083 | c702 89be | cc00 0000 | 81e7 feff 
  0x000001d2c3899890: 1f00 85ff | 0f84 7200 

  0x000001d2c3899898: ;   {metadata(method data for {method} {0x000001d2db46cee0} 'executePrivileged' '(Ljava/security/PrivilegedAction;Ljava/security/AccessControlContext;Ljava/lang/Class;)Ljava/lang/Object;' in 'java/security/AccessController')}
  0x000001d2c3899898: 0000 48be | a809 221c | d301 0000 | 4883 8648 | 0200 0001 

  0x000001d2c38998ac: ;   {metadata(method data for {method} {0x000001d2db03d050} 'reachabilityFence' '(Ljava/lang/Object;)V' in 'java/lang/ref/Reference')}
  0x000001d2c38998ac: 48be 00eb | 021c d301 | 0000 8bbe | cc00 0000 | 83c7 0289 | becc 0000 | 0081 e7fe | ff1f 0085 
  0x000001d2c38998cc: ff0f 845a | 0000 0048 | 83c4 405d 

  0x000001d2c38998d8: ;   {poll_return}
  0x000001d2c38998d8: 493b a748 | 0400 000f | 8766 0000 

  0x000001d2c38998e4: ;   {metadata({method} {0x000001d2db46cee0} 'executePrivileged' '(Ljava/security/PrivilegedAction;Ljava/security/AccessControlContext;Ljava/lang/Class;)Ljava/lang/Object;' in 'java/security/AccessController')}
  0x000001d2c38998e4: 00c3 49ba | d8ce 46db | d201 0000 | 4c89 5424 | 0848 c704 | 24ff ffff 

  0x000001d2c38998fc: ;   {runtime_call counter_overflow Runtime1 stub}
  0x000001d2c38998fc: ffe8 7e4a 

  0x000001d2c3899900: ; ImmutableOopMap {rdx=Oop r8=Oop r9=Oop [48]=Oop }
                      ;*synchronization entry
                      ; - java.security.AccessController::executePrivileged@-1 (line 773)
  0x000001d2c3899900: ff06 e920 

  0x000001d2c3899904: ;   {runtime_call throw_null_pointer_exception Runtime1 stub}
  0x000001d2c3899904: feff ffe8 

  0x000001d2c3899908: ; ImmutableOopMap {rdx=Oop [40]=Oop [48]=Oop }
                      ;*invokeinterface run {reexecute=0 rethrow=0 return_oop=0}
                      ; - java.security.AccessController::executePrivileged@29 (line 778)
  0x000001d2c3899908: 14e8 fe06 

  0x000001d2c389990c: ;   {metadata({method} {0x000001d2db03d050} 'reachabilityFence' '(Ljava/lang/Object;)V' in 'java/lang/ref/Reference')}
  0x000001d2c389990c: 49ba 48d0 | 03db d201 | 0000 4c89 | 5424 0848 | c704 24ff 

  0x000001d2c3899920: ;   {runtime_call counter_overflow Runtime1 stub}
  0x000001d2c3899920: ffff ffe8 

  0x000001d2c3899924: ; ImmutableOopMap {rax=Oop r9=Oop }
                      ;*synchronization entry
                      ; - java.lang.ref.Reference::reachabilityFence@-1 (line 628)
                      ; - java.security.AccessController::executePrivileged@56 (line 783)
  0x000001d2c3899924: 584a ff06 | e96d ffff 

  0x000001d2c389992c: ;   {metadata({method} {0x000001d2db03d050} 'reachabilityFence' '(Ljava/lang/Object;)V' in 'java/lang/ref/Reference')}
  0x000001d2c389992c: ff49 ba48 | d003 dbd2 | 0100 004c | 8954 2408 | 48c7 0424 | ffff ffff 

  0x000001d2c3899944: ;   {runtime_call counter_overflow Runtime1 stub}
  0x000001d2c3899944: e837 4aff 

  0x000001d2c3899948: ; ImmutableOopMap {rax=Oop }
                      ;*synchronization entry
                      ; - java.lang.ref.Reference::reachabilityFence@-1 (line 628)
                      ; - java.security.AccessController::executePrivileged@60 (line 784)
                      ;   {internal_word}
  0x000001d2c3899948: 06eb 8849 | bad8 9889 | c3d2 0100 | 004d 8997 | 6004 0000 

  0x000001d2c389995c: ;   {runtime_call SafepointBlob}
  0x000001d2c389995c: e91f d2f1 | 0649 8b87 | f804 0000 | 49c7 87f8 | 0400 0000 | 0000 0049 | c787 0005 | 0000 0000 
  0x000001d2c389997c: 0000 4883 

  0x000001d2c3899980: ;   {runtime_call unwind_exception Runtime1 stub}
  0x000001d2c3899980: c440 5de9 | 78d8 fe06 
[Stub Code]
  0x000001d2c3899988: ;   {no_reloc}
  0x000001d2c3899988: 0f1f 4400 

  0x000001d2c389998c: ;   {static_stub}
  0x000001d2c389998c: 0048 bb00 | 0000 0000 

  0x000001d2c3899994: ;   {runtime_call nmethod}
  0x000001d2c3899994: 0000 00e9 | fbff ffff 

  0x000001d2c389999c: ;   {static_stub}
  0x000001d2c389999c: 48bb 00cd | 46db d201 

  0x000001d2c38999a4: ;   {runtime_call I2C/C2I adapters}
  0x000001d2c38999a4: 0000 e9d8 

  0x000001d2c38999a8: ;   {runtime_call handle_exception_from_callee Runtime1 stub}
  0x000001d2c38999a8: a4f1 06e8 | 500d ff06 

  0x000001d2c38999b0: ;   {external_word}
  0x000001d2c38999b0: 48b9 907f | 066a fa7f | 0000 4883 

  0x000001d2c38999bc: ;   {runtime_call}
  0x000001d2c38999bc: e4f0 48b8 | f042 c969 | fa7f 0000 

  0x000001d2c38999c8: ;   {section_word}
  0x000001d2c38999c8: ffd0 f449 | bacb 9989 | c3d2 0100 

  0x000001d2c38999d4: ;   {runtime_call DeoptimizationBlob}
  0x000001d2c38999d4: 0041 52e9 | 44e6 f106 | f4f4 f4f4 
[/MachCode]


---------------  P R O C E S S  ---------------

Threads class SMR info:
_java_thread_list=0x000001d3222c47c0, length=17, elements={
0x000001d2b91033c0, 0x000001d2d9e3a5d0, 0x000001d2d9e41040, 0x000001d2d9e428a0,
0x000001d2d9e45110, 0x000001d2d9e46970, 0x000001d2d9e474b0, 0x000001d2d9e4a6b0,
0x000001d2d9e56620, 0x000001d2da669250, 0x000001d2da6702b0, 0x000001d320cb4fa0,
0x000001d320cb69e0, 0x000001d320cb4280, 0x000001d320cb6350, 0x000001d320cb5cc0,
0x000001d320cb4910
}

Java Threads: ( => current thread )
  0x000001d2b91033c0 JavaThread "main"                              [_thread_blocked, id=5236, stack(0x0000001b3b000000,0x0000001b3b100000) (1024K)]
  0x000001d2d9e3a5d0 JavaThread "Reference Handler"          daemon [_thread_blocked, id=31124, stack(0x0000001b3b800000,0x0000001b3b900000) (1024K)]
  0x000001d2d9e41040 JavaThread "Finalizer"                  daemon [_thread_blocked, id=9740, stack(0x0000001b3b900000,0x0000001b3ba00000) (1024K)]
  0x000001d2d9e428a0 JavaThread "Signal Dispatcher"          daemon [_thread_blocked, id=32216, stack(0x0000001b3ba00000,0x0000001b3bb00000) (1024K)]
  0x000001d2d9e45110 JavaThread "Attach Listener"            daemon [_thread_blocked, id=5716, stack(0x0000001b3bb00000,0x0000001b3bc00000) (1024K)]
  0x000001d2d9e46970 JavaThread "Service Thread"             daemon [_thread_blocked, id=11308, stack(0x0000001b3bc00000,0x0000001b3bd00000) (1024K)]
  0x000001d2d9e474b0 JavaThread "Monitor Deflation Thread"   daemon [_thread_blocked, id=22788, stack(0x0000001b3bd00000,0x0000001b3be00000) (1024K)]
  0x000001d2d9e4a6b0 JavaThread "C2 CompilerThread0"         daemon [_thread_blocked, id=8460, stack(0x0000001b3be00000,0x0000001b3bf00000) (1024K)]
  0x000001d2d9e56620 JavaThread "C1 CompilerThread0"         daemon [_thread_blocked, id=29368, stack(0x0000001b3bf00000,0x0000001b3c000000) (1024K)]
  0x000001d2da669250 JavaThread "Notification Thread"        daemon [_thread_blocked, id=24076, stack(0x0000001b3c000000,0x0000001b3c100000) (1024K)]
  0x000001d2da6702b0 JavaThread "Common-Cleaner"             daemon [_thread_blocked, id=7708, stack(0x0000001b3c100000,0x0000001b3c200000) (1024K)]
  0x000001d320cb4fa0 JavaThread "idle-timeout-task"          daemon [_thread_blocked, id=16656, stack(0x0000001b3d300000,0x0000001b3d400000) (1024K)]
  0x000001d320cb69e0 JavaThread "HTTP-Dispatcher"                   [_thread_in_native, id=26104, stack(0x0000001b3d400000,0x0000001b3d500000) (1024K)]
  0x000001d320cb4280 JavaThread "Java2D Disposer"            daemon [_thread_blocked, id=30280, stack(0x0000001b3d500000,0x0000001b3d600000) (1024K)]
  0x000001d320cb6350 JavaThread "AWT-Windows"                daemon [_thread_in_native, id=29652, stack(0x0000001b3d700000,0x0000001b3d800000) (1024K)]
  0x000001d320cb5cc0 JavaThread "AWT-Shutdown"                      [_thread_blocked, id=25128, stack(0x0000001b3ae00000,0x0000001b3af00000) (1024K)]
=>0x000001d320cb4910 JavaThread "AWT-EventQueue-0"                  [_thread_in_native, id=17432, stack(0x0000001b3af00000,0x0000001b3b000000) (1024K)]
Total: 17

Other Threads:
  0x000001d2d9e1f3e0 VMThread "VM Thread"                           [id=27116, stack(0x0000001b3b700000,0x0000001b3b800000) (1024K)]
  0x000001d2d9e0dcc0 WatcherThread "VM Periodic Task Thread"        [id=10500, stack(0x0000001b3b600000,0x0000001b3b700000) (1024K)]
  0x000001d2b92f5480 WorkerThread "GC Thread#0"                     [id=31344, stack(0x0000001b3b100000,0x0000001b3b200000) (1024K)]
  0x000001d32065b420 WorkerThread "GC Thread#1"                     [id=12200, stack(0x0000001b3c300000,0x0000001b3c400000) (1024K)]
  0x000001d32065bbd0 WorkerThread "GC Thread#2"                     [id=17272, stack(0x0000001b3c400000,0x0000001b3c500000) (1024K)]
  0x000001d3205197f0 WorkerThread "GC Thread#3"                     [id=19544, stack(0x0000001b3c500000,0x0000001b3c600000) (1024K)]
  0x000001d320519b90 WorkerThread "GC Thread#4"                     [id=4708, stack(0x0000001b3c600000,0x0000001b3c700000) (1024K)]
  0x000001d3208a3d90 WorkerThread "GC Thread#5"                     [id=21096, stack(0x0000001b3c700000,0x0000001b3c800000) (1024K)]
  0x000001d3205072a0 WorkerThread "GC Thread#6"                     [id=21764, stack(0x0000001b3c800000,0x0000001b3c900000) (1024K)]
  0x000001d3206d04c0 WorkerThread "GC Thread#7"                     [id=30072, stack(0x0000001b3c900000,0x0000001b3ca00000) (1024K)]
  0x000001d2b9308880 ConcurrentGCThread "G1 Main Marker"            [id=26116, stack(0x0000001b3b200000,0x0000001b3b300000) (1024K)]
  0x000001d2b9309280 WorkerThread "G1 Conc#0"                       [id=30832, stack(0x0000001b3b300000,0x0000001b3b400000) (1024K)]
  0x000001d3220b90e0 WorkerThread "G1 Conc#1"                       [id=26380, stack(0x0000001b3d200000,0x0000001b3d300000) (1024K)]
  0x000001d2b934e790 ConcurrentGCThread "G1 Refine#0"               [id=29172, stack(0x0000001b3b400000,0x0000001b3b500000) (1024K)]
  0x000001d2d9ce0170 ConcurrentGCThread "G1 Service"                [id=15144, stack(0x0000001b3b500000,0x0000001b3b600000) (1024K)]
Total: 15

Threads with active compile tasks:
Total: 0

VM state: not at safepoint (normal execution)

VM Mutex/Monitor currently owned by a thread: None

Heap address: 0x0000000709600000, size: 3946 MB, Compressed Oops mode: Zero based, Oop shift amount: 3

CDS archive(s) mapped at: [0x000001d2db000000-0x000001d2dbc80000-0x000001d2dbc80000), size 13107200, SharedBaseAddress: 0x000001d2db000000, ArchiveRelocationMode: 1.
Compressed class space mapped at: 0x000001d2dc000000-0x000001d31c000000, reserved size: 1073741824
Narrow klass base: 0x000001d2db000000, Narrow klass shift: 0, Narrow klass range: 0x100000000

GC Precious Log:
 CardTable entry size: 512
 Card Set container configuration: InlinePtr #cards 4 size 8 Array Of Cards #cards 16 size 48 Howl #buckets 8 coarsen threshold 3686 Howl Bitmap #cards 512 size 80 coarsen threshold 460 Card regions per heap region 1 cards per card region 4096
 CPUs: 8 total, 8 available
 Memory: 15781M
 Large Page Support: Disabled
 NUMA Support: Disabled
 Compressed Oops: Enabled (Zero based)
 Heap Region Size: 2M
 Heap Min Capacity: 8M
 Heap Initial Capacity: 248M
 Heap Max Capacity: 3946M
 Pre-touch: Disabled
 Parallel Workers: 8
 Concurrent Workers: 2
 Concurrent Refinement Workers: 8
 Periodic GC: Disabled

Heap:
 garbage-first heap   total 59392K, used 31389K [0x0000000709600000, 0x0000000800000000)
  region size 2048K, 12 young (24576K), 2 survivors (4096K)
 Metaspace       used 33917K, committed 34368K, reserved 1114112K
  class space    used 4093K, committed 4288K, reserved 1048576K

Heap Regions: E=young(eden), S=young(survivor), O=old, HS=humongous(starts), HC=humongous(continues), CS=collection set, F=free, TAMS=top-at-mark-start, PB=parsable bottom
|   0|0x0000000709600000, 0x0000000709800000, 0x0000000709800000|100%| O|  |TAMS 0x0000000709600000| PB 0x0000000709600000| Untracked 
|   1|0x0000000709800000, 0x0000000709a00000, 0x0000000709a00000|100%| O|  |TAMS 0x0000000709800000| PB 0x0000000709800000| Untracked 
|   2|0x0000000709a00000, 0x0000000709a00000, 0x0000000709c00000|  0%| F|  |TAMS 0x0000000709a00000| PB 0x0000000709a00000| Untracked 
|   3|0x0000000709c00000, 0x0000000709c00000, 0x0000000709e00000|  0%| F|  |TAMS 0x0000000709c00000| PB 0x0000000709c00000| Untracked 
|   4|0x0000000709e00000, 0x0000000709e00000, 0x000000070a000000|  0%| F|  |TAMS 0x0000000709e00000| PB 0x0000000709e00000| Untracked 
|   5|0x000000070a000000, 0x000000070a200000, 0x000000070a200000|100%| O|  |TAMS 0x000000070a000000| PB 0x000000070a000000| Untracked 
|   6|0x000000070a200000, 0x000000070a400000, 0x000000070a400000|100%| O|  |TAMS 0x000000070a200000| PB 0x000000070a200000| Untracked 
|   7|0x000000070a400000, 0x000000070a600000, 0x000000070a600000|100%| O|  |TAMS 0x000000070a400000| PB 0x000000070a400000| Untracked 
|   8|0x000000070a600000, 0x000000070a7c3800, 0x000000070a800000| 88%| O|  |TAMS 0x000000070a600000| PB 0x000000070a600000| Untracked 
|   9|0x000000070a800000, 0x000000070a800000, 0x000000070aa00000|  0%| F|  |TAMS 0x000000070a800000| PB 0x000000070a800000| Untracked 
|  10|0x000000070aa00000, 0x000000070aae3e48, 0x000000070ac00000| 44%| S|CS|TAMS 0x000000070aa00000| PB 0x000000070aa00000| Complete 
|  11|0x000000070ac00000, 0x000000070ae00000, 0x000000070ae00000|100%| S|CS|TAMS 0x000000070ac00000| PB 0x000000070ac00000| Complete 
|  12|0x000000070ae00000, 0x000000070ae00000, 0x000000070b000000|  0%| F|  |TAMS 0x000000070ae00000| PB 0x000000070ae00000| Untracked 
|  13|0x000000070b000000, 0x000000070b000000, 0x000000070b200000|  0%| F|  |TAMS 0x000000070b000000| PB 0x000000070b000000| Untracked 
|  14|0x000000070b200000, 0x000000070b200000, 0x000000070b400000|  0%| F|  |TAMS 0x000000070b200000| PB 0x000000070b200000| Untracked 
|  15|0x000000070b400000, 0x000000070b400000, 0x000000070b600000|  0%| F|  |TAMS 0x000000070b400000| PB 0x000000070b400000| Untracked 
|  16|0x000000070b600000, 0x000000070b600000, 0x000000070b800000|  0%| F|  |TAMS 0x000000070b600000| PB 0x000000070b600000| Untracked 
|  17|0x000000070b800000, 0x000000070b800000, 0x000000070ba00000|  0%| F|  |TAMS 0x000000070b800000| PB 0x000000070b800000| Untracked 
|  18|0x000000070ba00000, 0x000000070ba00000, 0x000000070bc00000|  0%| F|  |TAMS 0x000000070ba00000| PB 0x000000070ba00000| Untracked 
|  19|0x000000070bc00000, 0x000000070bdeba60, 0x000000070be00000| 96%| E|  |TAMS 0x000000070bc00000| PB 0x000000070bc00000| Complete 
|  20|0x000000070be00000, 0x000000070c000000, 0x000000070c000000|100%| E|CS|TAMS 0x000000070be00000| PB 0x000000070be00000| Complete 
|  21|0x000000070c000000, 0x000000070c200000, 0x000000070c200000|100%| E|CS|TAMS 0x000000070c000000| PB 0x000000070c000000| Complete 
|  22|0x000000070c200000, 0x000000070c400000, 0x000000070c400000|100%| E|CS|TAMS 0x000000070c200000| PB 0x000000070c200000| Complete 
|  23|0x000000070c400000, 0x000000070c600000, 0x000000070c600000|100%| E|  |TAMS 0x000000070c400000| PB 0x000000070c400000| Complete 
| 127|0x0000000719400000, 0x0000000719600000, 0x0000000719600000|100%| E|CS|TAMS 0x0000000719400000| PB 0x0000000719400000| Complete 
| 128|0x0000000719600000, 0x0000000719800000, 0x0000000719800000|100%| E|CS|TAMS 0x0000000719600000| PB 0x0000000719600000| Complete 
| 129|0x0000000719800000, 0x0000000719a00000, 0x0000000719a00000|100%| E|CS|TAMS 0x0000000719800000| PB 0x0000000719800000| Complete 
| 130|0x0000000719a00000, 0x0000000719c00000, 0x0000000719c00000|100%| E|CS|TAMS 0x0000000719a00000| PB 0x0000000719a00000| Complete 
| 161|0x000000071d800000, 0x000000071da00000, 0x000000071da00000|100%| E|CS|TAMS 0x000000071d800000| PB 0x000000071d800000| Complete 

Card table byte_map: [0x000001d2d3450000,0x000001d2d3c10000] _byte_map_base: 0x000001d2cfc05000

Marking Bits: (CMBitMap*) 0x000001d2b92f7a90
 Bits: [0x000001d2d3c10000, 0x000001d2d79b8000)

Polling page: 0x000001d2b9210000

Metaspace:

Usage:
  Non-class:     29.12 MB used.
      Class:      4.00 MB used.
       Both:     33.12 MB used.

Virtual space:
  Non-class space:       64.00 MB reserved,      29.38 MB ( 46%) committed,  1 nodes.
      Class space:        1.00 GB reserved,       4.19 MB ( <1%) committed,  1 nodes.
             Both:        1.06 GB reserved,      33.56 MB (  3%) committed. 

Chunk freelists:
   Non-Class:  2.23 MB
       Class:  11.66 MB
        Both:  13.88 MB

MaxMetaspaceSize: unlimited
CompressedClassSpaceSize: 1.00 GB
Initial GC threshold: 21.00 MB
Current GC threshold: 35.25 MB
CDS: on
 - commit_granule_bytes: 65536.
 - commit_granule_words: 8192.
 - virtual_space_node_default_size: 8388608.
 - enlarge_chunks_in_place: 1.
 - use_allocation_guard: 0.


Internal statistics:

num_allocs_failed_limit: 3.
num_arena_births: 500.
num_arena_deaths: 0.
num_vsnodes_births: 2.
num_vsnodes_deaths: 0.
num_space_committed: 536.
num_space_uncommitted: 0.
num_chunks_returned_to_freelist: 3.
num_chunks_taken_from_freelist: 1475.
num_chunk_merges: 0.
num_chunk_splits: 976.
num_chunks_enlarged: 684.
num_inconsistent_stats: 0.

CodeHeap 'non-profiled nmethods': size=120000Kb used=3043Kb max_used=3043Kb free=116956Kb
 bounds [0x000001d2cad00000, 0x000001d2cb000000, 0x000001d2d2230000]
CodeHeap 'profiled nmethods': size=120000Kb used=9900Kb max_used=9900Kb free=110100Kb
 bounds [0x000001d2c3230000, 0x000001d2c3be0000, 0x000001d2ca760000]
CodeHeap 'non-nmethods': size=5760Kb used=1813Kb max_used=1850Kb free=3946Kb
 bounds [0x000001d2ca760000, 0x000001d2ca9d0000, 0x000001d2cad00000]
 total_blobs=5753 nmethods=5087 adapters=570
 compilation: enabled
              stopped_count=0, restarted_count=0
 full_count=0

Compilation events (20 events):
Event: 11871.060 Thread 0x000001d2d9e4a6b0 5083       4       sun.net.httpserver.ServerImpl$Dispatcher$$Lambda/0x000001d2dc3f9e28::apply (5 bytes)
Event: 11871.066 Thread 0x000001d2d9e4a6b0 nmethod 5083 0x000001d2caff6b90 code [0x000001d2caff6d20, 0x000001d2caff6ed0]
Event: 12730.999 Thread 0x000001d2d9e4a6b0 5084       4       java.util.TaskQueue::getMin (7 bytes)
Event: 12731.000 Thread 0x000001d2d9e4a6b0 nmethod 5084 0x000001d2caff6f90 code [0x000001d2caff7120, 0x000001d2caff71f0]
Event: 12778.168 Thread 0x000001d2d9e4a6b0 5085       4       java.util.Collection::toArray (17 bytes)
Event: 12778.172 Thread 0x000001d2d9e4a6b0 nmethod 5085 0x000001d2caff7290 code [0x000001d2caff7460, 0x000001d2caff76b8]
Event: 31194.649 Thread 0x000001d2d9e56620 5087       3       java.lang.invoke.DirectMethodHandle$Holder::invokeStatic (15 bytes)
Event: 31194.650 Thread 0x000001d2d9e56620 nmethod 5087 0x000001d2c3bd8790 code [0x000001d2c3bd8960, 0x000001d2c3bd8ec0]
Event: 31223.839 Thread 0x000001d2d9e56620 5088       3       java.util.logging.LogManager::getProperty (9 bytes)
Event: 31223.840 Thread 0x000001d2d9e56620 nmethod 5088 0x000001d2c3bd9010 code [0x000001d2c3bd91c0, 0x000001d2c3bd93a0]
Event: 31223.840 Thread 0x000001d2d9e56620 5089       3       java.lang.invoke.LambdaForm$MH/0x000001d2dc19c400::invoke (25 bytes)
Event: 31223.842 Thread 0x000001d2d9e56620 nmethod 5089 0x000001d2c3bd9490 code [0x000001d2c3bd9660, 0x000001d2c3bd9ba8]
Event: 71483.705 Thread 0x000001d2d9e56620 5090       3       java.util.HashSet::<init> (29 bytes)
Event: 71483.709 Thread 0x000001d2d9e56620 nmethod 5090 0x000001d2c3bd9d10 code [0x000001d2c3bd9f00, 0x000001d2c3bda3f0]
Event: 71498.174 Thread 0x000001d2d9e56620 5092       3       java.util.concurrent.locks.AbstractQueuedSynchronizer$Node::getAndUnsetStatus (14 bytes)
Event: 71498.177 Thread 0x000001d2d9e56620 nmethod 5092 0x000001d2c3bda590 code [0x000001d2c3bda760, 0x000001d2c3bdaa00]
Event: 71498.177 Thread 0x000001d2d9e56620 5093       3       jdk.internal.misc.Unsafe::getAndBitwiseAndInt (27 bytes)
Event: 71498.177 Thread 0x000001d2d9e56620 nmethod 5093 0x000001d2c3bdab10 code [0x000001d2c3bdacc0, 0x000001d2c3bdaef0]
Event: 71814.683 Thread 0x000001d2d9e4a6b0 5094       4       java.util.HashMap$HashIterator::<init> (79 bytes)
Event: 71814.704 Thread 0x000001d2d9e4a6b0 nmethod 5094 0x000001d2caff8310 code [0x000001d2caff84c0, 0x000001d2caff88c0]

GC Heap History (20 events):
Event: 1.462 GC heap before
{Heap before GC invocations=2 (full 0):
 garbage-first heap   total 253952K, used 153891K [0x0000000709600000, 0x0000000800000000)
  region size 2048K, 74 young (151552K), 1 survivors (2048K)
 Metaspace       used 16262K, committed 16576K, reserved 1114112K
  class space    used 1889K, committed 2048K, reserved 1048576K
}
Event: 1.465 GC heap after
{Heap after GC invocations=3 (full 0):
 garbage-first heap   total 253952K, used 9265K [0x0000000709600000, 0x0000000800000000)
  region size 2048K, 3 young (6144K), 3 survivors (6144K)
 Metaspace       used 16262K, committed 16576K, reserved 1114112K
  class space    used 1889K, committed 2048K, reserved 1048576K
}
Event: 1.536 GC heap before
{Heap before GC invocations=3 (full 0):
 garbage-first heap   total 253952K, used 152625K [0x0000000709600000, 0x0000000800000000)
  region size 2048K, 74 young (151552K), 3 survivors (6144K)
 Metaspace       used 16364K, committed 16704K, reserved 1114112K
  class space    used 1889K, committed 2048K, reserved 1048576K
}
Event: 1.538 GC heap after
{Heap after GC invocations=4 (full 0):
 garbage-first heap   total 253952K, used 9385K [0x0000000709600000, 0x0000000800000000)
  region size 2048K, 3 young (6144K), 3 survivors (6144K)
 Metaspace       used 16364K, committed 16704K, reserved 1114112K
  class space    used 1889K, committed 2048K, reserved 1048576K
}
Event: 1.634 GC heap before
{Heap before GC invocations=4 (full 0):
 garbage-first heap   total 253952K, used 152745K [0x0000000709600000, 0x0000000800000000)
  region size 2048K, 74 young (151552K), 3 survivors (6144K)
 Metaspace       used 16416K, committed 16768K, reserved 1114112K
  class space    used 1889K, committed 2048K, reserved 1048576K
}
Event: 1.637 GC heap after
{Heap after GC invocations=5 (full 0):
 garbage-first heap   total 253952K, used 9483K [0x0000000709600000, 0x0000000800000000)
  region size 2048K, 3 young (6144K), 3 survivors (6144K)
 Metaspace       used 16416K, committed 16768K, reserved 1114112K
  class space    used 1889K, committed 2048K, reserved 1048576K
}
Event: 1.690 GC heap before
{Heap before GC invocations=5 (full 0):
 garbage-first heap   total 253952K, used 154891K [0x0000000709600000, 0x0000000800000000)
  region size 2048K, 74 young (151552K), 3 survivors (6144K)
 Metaspace       used 16437K, committed 16768K, reserved 1114112K
  class space    used 1889K, committed 2048K, reserved 1048576K
}
Event: 1.693 GC heap after
{Heap after GC invocations=6 (full 0):
 garbage-first heap   total 253952K, used 9702K [0x0000000709600000, 0x0000000800000000)
  region size 2048K, 3 young (6144K), 3 survivors (6144K)
 Metaspace       used 16437K, committed 16768K, reserved 1114112K
  class space    used 1889K, committed 2048K, reserved 1048576K
}
Event: 1.790 GC heap before
{Heap before GC invocations=6 (full 0):
 garbage-first heap   total 253952K, used 153062K [0x0000000709600000, 0x0000000800000000)
  region size 2048K, 74 young (151552K), 3 survivors (6144K)
 Metaspace       used 16438K, committed 16768K, reserved 1114112K
  class space    used 1889K, committed 2048K, reserved 1048576K
}
Event: 1.793 GC heap after
{Heap after GC invocations=7 (full 0):
 garbage-first heap   total 253952K, used 9715K [0x0000000709600000, 0x0000000800000000)
  region size 2048K, 3 young (6144K), 3 survivors (6144K)
 Metaspace       used 16438K, committed 16768K, reserved 1114112K
  class space    used 1889K, committed 2048K, reserved 1048576K
}
Event: 1.893 GC heap before
{Heap before GC invocations=7 (full 0):
 garbage-first heap   total 253952K, used 155123K [0x0000000709600000, 0x0000000800000000)
  region size 2048K, 74 young (151552K), 3 survivors (6144K)
 Metaspace       used 16438K, committed 16768K, reserved 1114112K
  class space    used 1889K, committed 2048K, reserved 1048576K
}
Event: 1.896 GC heap after
{Heap after GC invocations=8 (full 0):
 garbage-first heap   total 331776K, used 9724K [0x0000000709600000, 0x0000000800000000)
  region size 2048K, 3 young (6144K), 3 survivors (6144K)
 Metaspace       used 16438K, committed 16768K, reserved 1114112K
  class space    used 1889K, committed 2048K, reserved 1048576K
}
Event: 2.027 GC heap before
{Heap before GC invocations=8 (full 0):
 garbage-first heap   total 331776K, used 202236K [0x0000000709600000, 0x0000000800000000)
  region size 2048K, 97 young (198656K), 3 survivors (6144K)
 Metaspace       used 16438K, committed 16768K, reserved 1114112K
  class space    used 1889K, committed 2048K, reserved 1048576K
}
Event: 2.031 GC heap after
{Heap after GC invocations=9 (full 0):
 garbage-first heap   total 331776K, used 9822K [0x0000000709600000, 0x0000000800000000)
  region size 2048K, 3 young (6144K), 3 survivors (6144K)
 Metaspace       used 16438K, committed 16768K, reserved 1114112K
  class space    used 1889K, committed 2048K, reserved 1048576K
}
Event: 2.424 GC heap before
{Heap before GC invocations=9 (full 0):
 garbage-first heap   total 331776K, used 71262K [0x0000000709600000, 0x0000000800000000)
  region size 2048K, 34 young (69632K), 3 survivors (6144K)
 Metaspace       used 21186K, committed 21504K, reserved 1114112K
  class space    used 2547K, committed 2688K, reserved 1048576K
}
Event: 2.428 GC heap after
{Heap after GC invocations=10 (full 0):
 garbage-first heap   total 331776K, used 10946K [0x0000000709600000, 0x0000000800000000)
  region size 2048K, 4 young (8192K), 4 survivors (8192K)
 Metaspace       used 21186K, committed 21504K, reserved 1114112K
  class space    used 2547K, committed 2688K, reserved 1048576K
}
Event: 3.307 GC heap before
{Heap before GC invocations=11 (full 0):
 garbage-first heap   total 49152K, used 43714K [0x0000000709600000, 0x0000000800000000)
  region size 2048K, 21 young (43008K), 4 survivors (8192K)
 Metaspace       used 25280K, committed 25600K, reserved 1114112K
  class space    used 2993K, committed 3136K, reserved 1048576K
}
Event: 3.314 GC heap after
{Heap after GC invocations=12 (full 0):
 garbage-first heap   total 59392K, used 14671K [0x0000000709600000, 0x0000000800000000)
  region size 2048K, 5 young (10240K), 5 survivors (10240K)
 Metaspace       used 25280K, committed 25600K, reserved 1114112K
  class space    used 2993K, committed 3136K, reserved 1048576K
}
Event: 6.028 GC heap before
{Heap before GC invocations=12 (full 0):
 garbage-first heap   total 59392K, used 41295K [0x0000000709600000, 0x0000000800000000)
  region size 2048K, 17 young (34816K), 5 survivors (10240K)
 Metaspace       used 33532K, committed 33984K, reserved 1114112K
  class space    used 4051K, committed 4288K, reserved 1048576K
}
Event: 6.038 GC heap after
{Heap after GC invocations=13 (full 0):
 garbage-first heap   total 59392K, used 15005K [0x0000000709600000, 0x0000000800000000)
  region size 2048K, 2 young (4096K), 2 survivors (4096K)
 Metaspace       used 33532K, committed 33984K, reserved 1114112K
  class space    used 4051K, committed 4288K, reserved 1048576K
}

Dll operation events (9 events):
Event: 0.008 Loaded shared library C:\Java\bin\java.dll
Event: 0.033 Loaded shared library C:\Java\bin\jsvml.dll
Event: 0.059 Loaded shared library C:\Java\bin\net.dll
Event: 0.061 Loaded shared library C:\Java\bin\nio.dll
Event: 0.065 Loaded shared library C:\Java\bin\zip.dll
Event: 0.155 Loaded shared library C:\Java\bin\jimage.dll
Event: 3.112 Loaded shared library C:\Java\bin\sunmscapi.dll
Event: 4.462 Loaded shared library C:\Java\bin\extnet.dll
Event: 4.944 Loaded shared library C:\Java\bin\awt.dll

Deoptimization events (20 events):
Event: 6.058 Thread 0x000001d320cb69e0 Uncommon trap: trap_request=0xffffffde fr.pc=0x000001d2caf0ca80 relative=0x0000000000000d40
Event: 6.058 Thread 0x000001d320cb69e0 Uncommon trap: reason=class_check action=maybe_recompile pc=0x000001d2caf0ca80 method=java.util.stream.ReferencePipeline.collect(Ljava/util/stream/Collector;)Ljava/lang/Object; @ 118 c2
Event: 6.058 Thread 0x000001d320cb69e0 DEOPT PACKING pc=0x000001d2caf0ca80 sp=0x0000001b3d4fee80
Event: 6.058 Thread 0x000001d320cb69e0 DEOPT UNPACKING pc=0x000001d2ca7b7da2 sp=0x0000001b3d4fee78 mode 2
Event: 6.683 Thread 0x000001d320cb69e0 Uncommon trap: trap_request=0xffffffc6 fr.pc=0x000001d2cafdd030 relative=0x0000000000000090
Event: 6.683 Thread 0x000001d320cb69e0 Uncommon trap: reason=bimorphic_or_optimized_type_check action=maybe_recompile pc=0x000001d2cafdd030 method=java.util.Collections$UnmodifiableCollection$1.hasNext()Z @ 4 c2
Event: 6.683 Thread 0x000001d320cb69e0 DEOPT PACKING pc=0x000001d2cafdd030 sp=0x0000001b3d4fed30
Event: 6.683 Thread 0x000001d320cb69e0 DEOPT UNPACKING pc=0x000001d2ca7b7da2 sp=0x0000001b3d4fecb8 mode 2
Event: 6.683 Thread 0x000001d320cb69e0 Uncommon trap: trap_request=0xffffffc6 fr.pc=0x000001d2cafdd030 relative=0x0000000000000090
Event: 6.683 Thread 0x000001d320cb69e0 Uncommon trap: reason=bimorphic_or_optimized_type_check action=maybe_recompile pc=0x000001d2cafdd030 method=java.util.Collections$UnmodifiableCollection$1.hasNext()Z @ 4 c2
Event: 6.683 Thread 0x000001d320cb69e0 DEOPT PACKING pc=0x000001d2cafdd030 sp=0x0000001b3d4fed30
Event: 6.683 Thread 0x000001d320cb69e0 DEOPT UNPACKING pc=0x000001d2ca7b7da2 sp=0x0000001b3d4fecb8 mode 2
Event: 6.683 Thread 0x000001d320cb69e0 Uncommon trap: trap_request=0xffffffc6 fr.pc=0x000001d2cafdd030 relative=0x0000000000000090
Event: 6.683 Thread 0x000001d320cb69e0 Uncommon trap: reason=bimorphic_or_optimized_type_check action=maybe_recompile pc=0x000001d2cafdd030 method=java.util.Collections$UnmodifiableCollection$1.hasNext()Z @ 4 c2
Event: 6.683 Thread 0x000001d320cb69e0 DEOPT PACKING pc=0x000001d2cafdd030 sp=0x0000001b3d4fed30
Event: 6.683 Thread 0x000001d320cb69e0 DEOPT UNPACKING pc=0x000001d2ca7b7da2 sp=0x0000001b3d4fecb8 mode 2
Event: 6.683 Thread 0x000001d320cb69e0 Uncommon trap: trap_request=0xffffffc6 fr.pc=0x000001d2cafdd030 relative=0x0000000000000090
Event: 6.683 Thread 0x000001d320cb69e0 Uncommon trap: reason=bimorphic_or_optimized_type_check action=maybe_recompile pc=0x000001d2cafdd030 method=java.util.Collections$UnmodifiableCollection$1.hasNext()Z @ 4 c2
Event: 6.683 Thread 0x000001d320cb69e0 DEOPT PACKING pc=0x000001d2cafdd030 sp=0x0000001b3d4fed30
Event: 6.683 Thread 0x000001d320cb69e0 DEOPT UNPACKING pc=0x000001d2ca7b7da2 sp=0x0000001b3d4fecb8 mode 2

Classes loaded (20 events):
Event: 31223.984 Loading class java/awt/Shape done
Event: 31223.985 Loading class java/awt/geom/Rectangle2D
Event: 31223.986 Loading class java/awt/geom/RectangularShape
Event: 31223.988 Loading class java/awt/geom/RectangularShape done
Event: 31223.988 Loading class java/awt/geom/Rectangle2D done
Event: 31223.988 Loading class java/awt/Rectangle done
Event: 31223.989 Loading class java/util/WeakHashMap$KeyIterator
Event: 31223.992 Loading class java/util/WeakHashMap$KeyIterator done
Event: 46110.946 Loading class java/awt/desktop/SystemSleepListener
Event: 46110.946 Loading class java/awt/desktop/SystemSleepListener done
Event: 71481.712 Loading class java/awt/SystemColor
Event: 71481.722 Loading class java/awt/Color
Event: 71481.730 Loading class java/awt/Paint
Event: 71481.730 Loading class java/awt/Paint done
Event: 71481.730 Loading class java/awt/Color done
Event: 71481.730 Loading class java/awt/SystemColor done
Event: 71481.736 Loading class sun/awt/AWTAccessor$SystemColorAccessor
Event: 71481.736 Loading class sun/awt/AWTAccessor$SystemColorAccessor done
Event: 72478.605 Loading class java/util/ArrayList$ListItr
Event: 72478.694 Loading class java/util/ArrayList$ListItr done

Classes unloaded (0 events):
No events

Classes redefined (0 events):
No events

Internal exceptions (20 events):
Event: 4.857 Thread 0x000001d2b91033c0 Exception <a 'sun/nio/fs/WindowsException'{0x000000070b6901e0}> (0x000000070b6901e0) 
thrown [s\src\hotspot\share\prims\jni.cpp, line 520]
Event: 4.860 Thread 0x000001d2b91033c0 Exception <a 'sun/nio/fs/WindowsException'{0x000000070b692540}> (0x000000070b692540) 
thrown [s\src\hotspot\share\prims\jni.cpp, line 520]
Event: 4.862 Thread 0x000001d2b91033c0 Exception <a 'sun/nio/fs/WindowsException'{0x000000070b692bf8}> (0x000000070b692bf8) 
thrown [s\src\hotspot\share\prims\jni.cpp, line 520]
Event: 4.863 Thread 0x000001d2b91033c0 Exception <a 'sun/nio/fs/WindowsException'{0x000000070b693200}> (0x000000070b693200) 
thrown [s\src\hotspot\share\prims\jni.cpp, line 520]
Event: 4.866 Thread 0x000001d2b91033c0 Exception <a 'sun/nio/fs/WindowsException'{0x000000070b6936a8}> (0x000000070b6936a8) 
thrown [s\src\hotspot\share\prims\jni.cpp, line 520]
Event: 4.866 Thread 0x000001d2b91033c0 Exception <a 'sun/nio/fs/WindowsException'{0x000000070b693d18}> (0x000000070b693d18) 
thrown [s\src\hotspot\share\prims\jni.cpp, line 520]
Event: 4.866 Thread 0x000001d2b91033c0 Exception <a 'sun/nio/fs/WindowsException'{0x000000070b694388}> (0x000000070b694388) 
thrown [s\src\hotspot\share\prims\jni.cpp, line 520]
Event: 4.866 Thread 0x000001d2b91033c0 Exception <a 'sun/nio/fs/WindowsException'{0x000000070b694a18}> (0x000000070b694a18) 
thrown [s\src\hotspot\share\prims\jni.cpp, line 520]
Event: 4.898 Thread 0x000001d2b91033c0 Exception <a 'java/lang/NoClassDefFoundError'{0x000000070b46b420}: org/python/core/PyException> (0x000000070b46b420) 
thrown [s\src\hotspot\share\classfile\systemDictionary.cpp, line 301]
Event: 4.902 Thread 0x000001d2b91033c0 Exception <a 'sun/nio/fs/WindowsException'{0x000000070b48a280}> (0x000000070b48a280) 
thrown [s\src\hotspot\share\prims\jni.cpp, line 520]
Event: 4.936 Thread 0x000001d2b91033c0 Exception <a 'java/lang/ClassNotFoundException'{0x000000070b518d88}: sun/awt/resources/spi/awtProvider> (0x000000070b518d88) 
thrown [s\src\hotspot\share\classfile\systemDictionary.cpp, line 312]
Event: 4.946 Thread 0x000001d2b91033c0 Exception <a 'java/io/FileNotFoundException'{0x000000070b524c50}> (0x000000070b524c50) 
thrown [s\src\hotspot\share\prims\jni.cpp, line 520]
Event: 4.947 Thread 0x000001d2b91033c0 Exception <a 'java/io/FileNotFoundException'{0x000000070b54e9f0}> (0x000000070b54e9f0) 
thrown [s\src\hotspot\share\prims\jni.cpp, line 520]
Event: 5.868 Thread 0x000001d320cb69e0 Exception <a 'java/lang/NoSuchMethodError'{0x000000070b257688}: 'java.lang.Object java.lang.invoke.DirectMethodHandle$Holder.invokeSpecialIFC(java.lang.Object, java.lang.Object, java.lang.Object, java.lang.Object)'> (0x000000070b257688) 
thrown [s\src\hotspot\share\interpreter\linkResolver.cpp, line 773]
Event: 5.869 Thread 0x000001d320cb69e0 Exception <a 'java/lang/NoSuchMethodError'{0x000000070b25e1d0}: 'java.lang.Object java.lang.invoke.DirectMethodHandle$Holder.invokeVirtual(java.lang.Object, java.lang.Object, java.lang.Object, java.lang.Object)'> (0x000000070b25e1d0) 
thrown [s\src\hotspot\share\interpreter\linkResolver.cpp, line 773]
Event: 5.870 Thread 0x000001d320cb69e0 Implicit null exception at 0x000001d2caf0e023 to 0x000001d2caf0e644
Event: 5.888 Thread 0x000001d320cb69e0 Exception <a 'java/lang/NoSuchMethodError'{0x000000070b3664b8}: 'void java.lang.invoke.DirectMethodHandle$Holder.invokeStatic(java.lang.Object, int)'> (0x000000070b3664b8) 
thrown [s\src\hotspot\share\interpreter\linkResolver.cpp, line 773]
Event: 5.888 Thread 0x000001d320cb69e0 Exception <a 'java/lang/NoSuchMethodError'{0x000000070b369930}: 'void java.lang.invoke.DirectMethodHandle$Holder.invokeStaticInit(java.lang.Object, int)'> (0x000000070b369930) 
thrown [s\src\hotspot\share\interpreter\linkResolver.cpp, line 773]
Event: 5.906 Thread 0x000001d320cb69e0 Exception <a 'java/lang/NoSuchMethodError'{0x000000070b397508}: 'java.lang.Object java.lang.invoke.DirectMethodHandle$Holder.invokeStaticInit(java.lang.Object, java.lang.Object, java.lang.Object, java.lang.Object, java.lang.Object)'> (0x000000070b397508) 
thrown [s\src\hotspot\share\interpreter\linkResolver.cpp, line 773]
Event: 71481.751 Thread 0x000001d320cb6350 Exception <a 'java/lang/NoSuchMethodError'{0x000000070c1e5f08}: 'void java.lang.invoke.DirectMethodHandle$Holder.invokeStaticInit(java.lang.Object)'> (0x000000070c1e5f08) 
thrown [s\src\hotspot\share\interpreter\linkResolver.cpp, line 773]

ZGC Phase Switch (0 events):
No events

VM Operations (20 events):
Event: 46110.540 Executing VM operation: RendezvousGCThreads
Event: 46110.540 Executing VM operation: RendezvousGCThreads done
Event: 71477.895 Executing VM operation: HandshakeAllThreads (HandshakeForDeflation)
Event: 71477.895 Executing VM operation: HandshakeAllThreads (HandshakeForDeflation) done
Event: 71477.895 Executing VM operation: RendezvousGCThreads
Event: 71477.895 Executing VM operation: RendezvousGCThreads done
Event: 71486.959 Executing VM operation: Cleanup
Event: 71486.959 Executing VM operation: Cleanup done
Event: 71538.002 Executing VM operation: HandshakeAllThreads (HandshakeForDeflation)
Event: 71538.002 Executing VM operation: HandshakeAllThreads (HandshakeForDeflation) done
Event: 71538.002 Executing VM operation: RendezvousGCThreads
Event: 71538.003 Executing VM operation: RendezvousGCThreads done
Event: 71598.088 Executing VM operation: HandshakeAllThreads (HandshakeForDeflation)
Event: 71598.088 Executing VM operation: HandshakeAllThreads (HandshakeForDeflation) done
Event: 71598.088 Executing VM operation: RendezvousGCThreads
Event: 71598.088 Executing VM operation: RendezvousGCThreads done
Event: 72476.631 Executing VM operation: Cleanup
Event: 72476.631 Executing VM operation: Cleanup done
Event: 72478.993 Executing VM operation: HandshakeAllThreads (Deoptimize)
Event: 72478.994 Executing VM operation: HandshakeAllThreads (Deoptimize) done

Memory protections (0 events):
No events

Nmethod flushes (0 events):
No events

Events (20 events):
Event: 71483.706 Thread 0x000001d320cb3bf0 Thread exited: 0x000001d320cb3bf0
Event: 71483.706 Thread 0x000001d320cb7070 Thread exited: 0x000001d320cb7070
Event: 71485.389 Thread 0x000001d320cb6350 Thread added: 0x000001d320cb7070
Event: 71486.764 Thread 0x000001d320cb7070 Thread exited: 0x000001d320cb7070
Event: 71489.281 Thread 0x000001d320cb6350 Thread added: 0x000001d320cb5cc0
Event: 71491.770 Thread 0x000001d320cb5cc0 Thread exited: 0x000001d320cb5cc0
Event: 71496.515 Thread 0x000001d320cb6350 Thread added: 0x000001d320cb5cc0
Event: 71497.534 Thread 0x000001d320cb5cc0 Thread exited: 0x000001d320cb5cc0
Event: 71525.143 Thread 0x000001d320cb6350 Thread added: 0x000001d320cb5cc0
Event: 71526.173 Thread 0x000001d320cb5cc0 Thread exited: 0x000001d320cb5cc0
Event: 71592.208 Thread 0x000001d320cb6350 Thread added: 0x000001d320cb4910
Event: 71593.253 Thread 0x000001d320cb4910 Thread exited: 0x000001d320cb4910
Event: 72474.289 Thread 0x000001d320cb6350 Thread added: 0x000001d320cb5cc0
Event: 72475.316 Thread 0x000001d320cb5cc0 Thread exited: 0x000001d320cb5cc0
Event: 72475.832 Thread 0x000001d320cb6350 Thread added: 0x000001d320cb7070
Event: 72475.838 Thread 0x000001d320cb6350 Thread added: 0x000001d320cb3bf0
Event: 72476.900 Thread 0x000001d320cb7070 Thread exited: 0x000001d320cb7070
Event: 72476.900 Thread 0x000001d320cb3bf0 Thread exited: 0x000001d320cb3bf0
Event: 72477.672 Thread 0x000001d320cb6350 Thread added: 0x000001d320cb5cc0
Event: 72477.829 Thread 0x000001d320cb6350 Thread added: 0x000001d320cb4910


Dynamic libraries:
0x00007ff6d66e0000 - 0x00007ff6d66ee000 	C:\Java\bin\java.exe
0x00007ffaf7d60000 - 0x00007ffaf7fc8000 	C:\WINDOWS\SYSTEM32\ntdll.dll
0x00007ffaf6c50000 - 0x00007ffaf6d19000 	C:\WINDOWS\System32\KERNEL32.DLL
0x00007ffaf5580000 - 0x00007ffaf5978000 	C:\WINDOWS\System32\KERNELBASE.dll
0x00007ffaf5230000 - 0x00007ffaf537b000 	C:\WINDOWS\System32\ucrtbase.dll
0x00007ffaeb5e0000 - 0x00007ffaeb5fe000 	C:\Java\bin\VCRUNTIME140.dll
0x00007ffaef520000 - 0x00007ffaef538000 	C:\Java\bin\jli.dll
0x00007ffaf7a50000 - 0x00007ffaf7c17000 	C:\WINDOWS\System32\USER32.dll
0x00007ffadd9d0000 - 0x00007ffaddc64000 	C:\WINDOWS\WinSxS\amd64_microsoft.windows.common-controls_6595b64144ccf1df_6.0.26100.7019_none_3e06ffa0e335b8a8\COMCTL32.dll
0x00007ffaf5150000 - 0x00007ffaf5177000 	C:\WINDOWS\System32\win32u.dll
0x00007ffaf7670000 - 0x00007ffaf7719000 	C:\WINDOWS\System32\msvcrt.dll
0x00007ffaf7a20000 - 0x00007ffaf7a4b000 	C:\WINDOWS\System32\GDI32.dll
0x00007ffaf5020000 - 0x00007ffaf514c000 	C:\WINDOWS\System32\gdi32full.dll
0x00007ffaf5180000 - 0x00007ffaf5223000 	C:\WINDOWS\System32\msvcp_win.dll
0x00007ffaf63a0000 - 0x00007ffaf63d1000 	C:\WINDOWS\System32\IMM32.DLL
0x00007ffaeb5d0000 - 0x00007ffaeb5dc000 	C:\Java\bin\vcruntime140_1.dll
0x00007ffae29f0000 - 0x00007ffae2a7d000 	C:\Java\bin\msvcp140.dll
0x00007ffa69670000 - 0x00007ffa6a400000 	C:\Java\bin\server\jvm.dll
0x00007ffaf6200000 - 0x00007ffaf62b4000 	C:\WINDOWS\System32\ADVAPI32.dll
0x00007ffaf78b0000 - 0x00007ffaf7956000 	C:\WINDOWS\System32\sechost.dll
0x00007ffaf6d20000 - 0x00007ffaf6e38000 	C:\WINDOWS\System32\RPCRT4.dll
0x00007ffaf5b70000 - 0x00007ffaf5be4000 	C:\WINDOWS\System32\WS2_32.dll
0x00007ffaf4d10000 - 0x00007ffaf4d6e000 	C:\WINDOWS\SYSTEM32\POWRPROF.dll
0x00007ffae9070000 - 0x00007ffae90a5000 	C:\WINDOWS\SYSTEM32\WINMM.dll
0x00007ffae3240000 - 0x00007ffae324b000 	C:\WINDOWS\SYSTEM32\VERSION.dll
0x00007ffaf4cf0000 - 0x00007ffaf4d04000 	C:\WINDOWS\SYSTEM32\UMPDC.dll
0x00007ffaf3b00000 - 0x00007ffaf3b1b000 	C:\WINDOWS\SYSTEM32\kernel.appcore.dll
0x00007ffaeb230000 - 0x00007ffaeb23a000 	C:\Java\bin\jimage.dll
0x00007ffaf2250000 - 0x00007ffaf2492000 	C:\WINDOWS\SYSTEM32\DBGHELP.DLL
0x00007ffaf72c0000 - 0x00007ffaf764b000 	C:\WINDOWS\System32\combase.dll
0x00007ffaf62c0000 - 0x00007ffaf6397000 	C:\WINDOWS\System32\OLEAUT32.dll
0x00007ffaddc70000 - 0x00007ffaddcac000 	C:\WINDOWS\SYSTEM32\dbgcore.DLL
0x00007ffaf5380000 - 0x00007ffaf5425000 	C:\WINDOWS\System32\bcryptPrimitives.dll
0x00007ffaeaa80000 - 0x00007ffaeaa9f000 	C:\Java\bin\java.dll
0x00007ffaf6460000 - 0x00007ffaf6baf000 	C:\WINDOWS\System32\SHELL32.dll
0x00007ffaf4eb0000 - 0x00007ffaf501b000 	C:\WINDOWS\System32\wintypes.dll
0x00007ffaf2760000 - 0x00007ffaf2fbd000 	C:\WINDOWS\SYSTEM32\windows.storage.dll
0x00007ffaf7020000 - 0x00007ffaf7112000 	C:\WINDOWS\System32\SHCORE.dll
0x00007ffaf7c20000 - 0x00007ffaf7c87000 	C:\WINDOWS\System32\shlwapi.dll
0x00007ffaf4dd0000 - 0x00007ffaf4df9000 	C:\WINDOWS\SYSTEM32\profapi.dll
0x00007ffaba330000 - 0x00007ffaba407000 	C:\Java\bin\jsvml.dll
0x00007ffaea8e0000 - 0x00007ffaea8f0000 	C:\Java\bin\net.dll
0x00007ffaf3b20000 - 0x00007ffaf3c48000 	C:\WINDOWS\SYSTEM32\WINHTTP.dll
0x00007ffaf4180000 - 0x00007ffaf41eb000 	C:\WINDOWS\system32\mswsock.dll
0x00007ffae2970000 - 0x00007ffae2986000 	C:\Java\bin\nio.dll
0x00007ffae2990000 - 0x00007ffae29a8000 	C:\Java\bin\zip.dll
0x00007ffaf4570000 - 0x00007ffaf458b000 	C:\WINDOWS\SYSTEM32\CRYPTSP.dll
0x00007ffaf3a60000 - 0x00007ffaf3a9a000 	C:\WINDOWS\system32\rsaenh.dll
0x00007ffaf4230000 - 0x00007ffaf425b000 	C:\WINDOWS\SYSTEM32\USERENV.dll
0x00007ffaf4da0000 - 0x00007ffaf4dca000 	C:\WINDOWS\SYSTEM32\bcrypt.dll
0x00007ffaf43d0000 - 0x00007ffaf43dc000 	C:\WINDOWS\SYSTEM32\CRYPTBASE.dll
0x00007ffaf32e0000 - 0x00007ffaf3314000 	C:\WINDOWS\SYSTEM32\IPHLPAPI.DLL
0x00007ffaf6c40000 - 0x00007ffaf6c4a000 	C:\WINDOWS\System32\NSI.dll
0x00007ffaf3d50000 - 0x00007ffaf3d86000 	C:\WINDOWS\SYSTEM32\ntmarta.dll
0x00007ffac45b0000 - 0x00007ffac45c8000 	C:\WINDOWS\system32\napinsp.dll
0x00007ffaf3320000 - 0x00007ffaf344c000 	C:\WINDOWS\SYSTEM32\DNSAPI.dll
0x00007ffac4590000 - 0x00007ffac45a2000 	C:\WINDOWS\System32\winrnr.dll
0x00007ffac4560000 - 0x00007ffac4582000 	C:\WINDOWS\system32\nlansp_c.dll
0x00007ffae1430000 - 0x00007ffae1446000 	C:\WINDOWS\system32\wshbth.dll
0x00007ffae8870000 - 0x00007ffae887b000 	C:\Windows\System32\rasadhlp.dll
0x00007ffaee470000 - 0x00007ffaee4f6000 	C:\WINDOWS\System32\fwpuclnt.dll
0x00007ffae29e0000 - 0x00007ffae29ee000 	C:\Java\bin\sunmscapi.dll
0x00007ffaf5980000 - 0x00007ffaf5af7000 	C:\WINDOWS\System32\CRYPT32.dll
0x00007ffaf46c0000 - 0x00007ffaf46f0000 	C:\WINDOWS\SYSTEM32\ncrypt.dll
0x00007ffaf4670000 - 0x00007ffaf46af000 	C:\WINDOWS\SYSTEM32\NTASN1.dll
0x00007ffae2960000 - 0x00007ffae2969000 	C:\Java\bin\extnet.dll
0x00007ffaabe40000 - 0x00007ffaabe48000 	C:\WINDOWS\system32\wshunix.dll
0x00007ffaacad0000 - 0x00007ffaacc5e000 	C:\Java\bin\awt.dll
0x00007ffaf1590000 - 0x00007ffaf162f000 	C:\WINDOWS\SYSTEM32\apphelp.dll
0x00007ffaf17a0000 - 0x00007ffaf184a000 	C:\WINDOWS\system32\uxtheme.dll
0x00007ffaf6090000 - 0x00007ffaf61ee000 	C:\WINDOWS\System32\MSCTF.dll
0x00007ffaf7120000 - 0x00007ffaf72b7000 	C:\WINDOWS\System32\ole32.dll
0x00007ffaf1650000 - 0x00007ffaf167a000 	C:\WINDOWS\system32\Wtsapi32.dll
0x00007ffaf3ed0000 - 0x00007ffaf3f19000 	C:\WINDOWS\SYSTEM32\SspiCli.dll
0x00007ffaf4ac0000 - 0x00007ffaf4b23000 	C:\WINDOWS\SYSTEM32\WINSTA.dll
0x00007ffaeedf0000 - 0x00007ffaeeef3000 	C:\WINDOWS\SYSTEM32\PROPSYS.dll
0x00007ffad8e00000 - 0x00007ffad8fde000 	C:\WINDOWS\SYSTEM32\urlmon.dll
0x00007ffad86e0000 - 0x00007ffad89a5000 	C:\WINDOWS\SYSTEM32\iertutil.dll
0x00007ffaf3450000 - 0x00007ffaf345d000 	C:\WINDOWS\SYSTEM32\netutils.dll
0x00007ffad7f20000 - 0x00007ffad7f49000 	C:\WINDOWS\SYSTEM32\srvcli.dll
0x00007ffaf7960000 - 0x00007ffaf7a10000 	C:\WINDOWS\System32\clbcatq.dll
0x00007ffad2e80000 - 0x00007ffad2e9f000 	C:\Windows\System32\Windows.Shell.ServiceHostBuilder.dll
0x00007ffae1510000 - 0x00007ffae1b5f000 	C:\Windows\System32\OneCoreUAPCommonProxyStub.dll
0x00007ffac8180000 - 0x00007ffac82fb000 	C:\Windows\System32\Windows.System.Launcher.dll
0x00007ffadd3d0000 - 0x00007ffadd3ea000 	C:\WINDOWS\SYSTEM32\windows.staterepositorycore.dll
0x00007ffacc8a0000 - 0x00007ffacc8e7000 	C:\WINDOWS\SYSTEM32\msIso.dll
0x00007ffaf1640000 - 0x00007ffaf164d000 	C:\WINDOWS\SYSTEM32\Secur32.dll
0x00007ffae2550000 - 0x00007ffae2594000 	C:\WINDOWS\SYSTEM32\MLANG.dll
0x00007ffad89b0000 - 0x00007ffad8c39000 	C:\WINDOWS\SYSTEM32\WININET.dll
0x00007ffac86d0000 - 0x00007ffac8794000 	C:\Windows\System32\Windows.StateRepositoryPS.dll
0x00007ffacbf80000 - 0x00007ffacbfc7000 	C:\WINDOWS\SYSTEM32\windows.staterepositoryclient.dll
0x00007ffad39b0000 - 0x00007ffad3ac8000 	C:\WINDOWS\SYSTEM32\mrmcorer.dll
0x00007ffad1520000 - 0x00007ffad1554000 	C:\WINDOWS\SYSTEM32\bcp47mrm.dll
0x00007ffad3800000 - 0x00007ffad3950000 	C:\Windows\System32\Windows.UI.dll
0x00007ffac7f00000 - 0x00007ffac7f29000 	C:\WINDOWS\SYSTEM32\edputil.dll
0x00007ffaf4a00000 - 0x00007ffaf4a57000 	C:\WINDOWS\SYSTEM32\CFGMGR32.dll
0x00007ffaf1a60000 - 0x00007ffaf1a90000 	C:\WINDOWS\system32\DWMAPI.DLL
0x00007ffac1860000 - 0x00007ffac196c000 	C:\WINDOWS\system32\opengl32.dll
0x00007ffad1970000 - 0x00007ffad199d000 	C:\WINDOWS\SYSTEM32\GLU32.dll
0x00007ffaf1a10000 - 0x00007ffaf1a53000 	C:\WINDOWS\SYSTEM32\dxcore.dll

dbghelp: loaded successfully - version: 4.0.5 - missing functions: none
symbol engine: initialized successfully - sym options: 0x614 - pdb path: .;C:\Java\bin;C:\WINDOWS\SYSTEM32;C:\WINDOWS\WinSxS\amd64_microsoft.windows.common-controls_6595b64144ccf1df_6.0.26100.7019_none_3e06ffa0e335b8a8;C:\Java\bin\server

VM Arguments:
java_command: io.qameta.allure.CommandLine serve target/allure-results
java_class_path (initial): C:\allure-2.34.1\lib\allure-commandline-2.34.1.jar;C:\allure-2.34.1\lib\allure-generator-2.34.1.jar;C:\allure-2.34.1\lib\allure-model-2.29.1.jar;C:\allure-2.34.1\lib\allure-plugin-api-2.34.1.jar;C:\allure-2.34.1\lib\allure1-model-1.0.jar;C:\allure-2.34.1\lib\annotations-15.0.jar;C:\allure-2.34.1\lib\commons-beanutils-1.11.0.jar;C:\allure-2.34.1\lib\commons-codec-1.11.jar;C:\allure-2.34.1\lib\commons-collections-3.2.2.jar;C:\allure-2.34.1\lib\commons-collections4-4.5.0.jar;C:\allure-2.34.1\lib\commons-io-2.19.0.jar;C:\allure-2.34.1\lib\commons-lang3-3.17.0.jar;C:\allure-2.34.1\lib\commons-logging-1.3.5.jar;C:\allure-2.34.1\lib\commons-text-1.11.0.jar;C:\allure-2.34.1\lib\flexmark-0.62.2.jar;C:\allure-2.34.1\lib\flexmark-ext-tables-0.62.2.jar;C:\allure-2.34.1\lib\flexmark-util-0.62.2.jar;C:\allure-2.34.1\lib\flexmark-util-ast-0.62.2.jar;C:\allure-2.34.1\lib\flexmark-util-builder-0.62.2.jar;C:\allure-2.34.1\lib\flexmark-util-collection-0.62.2.jar;C:\allure-2.34.1\lib\flexmark-util-data-0.62.2.jar;C:\allure-2.34.1\lib\flexmark-util-dependency-0.62.2.jar;C:\allure-2.34.1\lib\flexmark-util-format-0.62.2.jar;C:\allure-2.34.1\lib\flexmark-util-html-0.62.2.jar;C:\allure-2.34.1\lib\flexmark-util-misc-0.62.2.jar;C:\allure-2.34.1\lib\flexmark-util-options-0.62.2.jar;C:\allure-2.34.1\lib\flexmark-util-sequence-0.62.2.jar;C:\allure-2.34.1\lib\flexmark-util-visitor-0.62.2.jar;C:\allure-2.34.1\lib\freemarker-2.3.34.jar;C:\allure-2.34.1\lib\httpclient-4.5.14.jar;C:\allure-2.34.1\lib\httpcore-4.4.16.jar;C:\allure-2.34.1\lib\jackson-annotations-2.19.1.jar;C:\allure-2.34.1\lib\jackson-core-2.19.1.jar;C:\allure-2.34.1\lib\jackson-databind-2.19.1.jar;C:\allure-2.34.1\lib\jackson-dataformat-xml-2.19.1.jar;C:\allure-2.34.1\lib\jackson-dataformat-yaml-2.19.1.jar;C:\allure-2.34.1\lib\jackson-module-jaxb-annotations-2.19.1.jar;C:\allure-2.34.1\lib\jakarta.activation-api-1.2.2.jar;C:\allure-2.34.1\lib\javax.activation-api-1.2.0.jar;C:\allure-2.34.1\lib\jaxb-api-2.3.1.jar;C:\allure-2.34.1\lib\jaxb-utils-1.0.jar;C:\allure-2.34.1\lib\jcommander-1.82.jar;C:\allure-2.34.1\lib\logback-classic-1.3.15.jar;C:\allure-2.34.1\lib\logback-core-1.3.15.jar;C:\allure-2.34.1\lib\opencsv-5.9.jar;C:\allure-2.34.1\lib\properties-2.0.RC5.jar;C:\allure-2.34.1\lib\slf4j-api-2.0.17.jar;C:\allure-2.34.1\lib\snakeyaml-2.4.jar;C:\allure-2.34.1\lib\stax2-api-4.2.2.jar;C:\allure-2.34.1\lib\tika-core-2.9.4.jar;C:\allure-2.34.1\lib\woodstox-core-7.1.1.jar;C:\allure-2.34.1\lib\config
Launcher Type: SUN_STANDARD

[Global flags]
     intx CICompilerCount                          = 4                                         {product} {ergonomic}
     uint ConcGCThreads                            = 2                                         {product} {ergonomic}
     uint G1ConcRefinementThreads                  = 8                                         {product} {ergonomic}
   size_t G1HeapRegionSize                         = 2097152                                   {product} {ergonomic}
    uintx GCDrainStackTargetSize                   = 64                                        {product} {ergonomic}
   size_t InitialHeapSize                          = 260046848                                 {product} {ergonomic}
   size_t MarkStackSize                            = 4194304                                   {product} {ergonomic}
   size_t MaxHeapSize                              = 4137680896                                {product} {ergonomic}
   size_t MaxNewSize                               = 2480930816                                {product} {ergonomic}
   size_t MinHeapDeltaBytes                        = 2097152                                   {product} {ergonomic}
   size_t MinHeapSize                              = 8388608                                   {product} {ergonomic}
    uintx NonNMethodCodeHeapSize                   = 5839372                                {pd product} {ergonomic}
    uintx NonProfiledCodeHeapSize                  = 122909434                              {pd product} {ergonomic}
    uintx ProfiledCodeHeapSize                     = 122909434                              {pd product} {ergonomic}
    uintx ReservedCodeCacheSize                    = 251658240                              {pd product} {ergonomic}
     bool SegmentedCodeCache                       = true                                      {product} {ergonomic}
   size_t SoftMaxHeapSize                          = 4137680896                             {manageable} {ergonomic}
     bool UseCompressedOops                        = true                           {product lp64_product} {ergonomic}
     bool UseG1GC                                  = true                                      {product} {ergonomic}
     bool UseLargePagesIndividualAllocation        = false                                  {pd product} {ergonomic}

Logging:
Log output configuration:
 #0: stdout all=warning uptime,level,tags foldmultilines=false
 #1: stderr all=off uptime,level,tags foldmultilines=false

Environment Variables:
JAVA_HOME=C:\Java\
CLASSPATH=C:\allure-2.34.1\lib\*;C:\allure-2.34.1\lib\config
PATH=C:\WINDOWS\system32;C:\WINDOWS;C:\WINDOWS\System32\Wbem;C:\WINDOWS\System32\WindowsPowerShell\v1.0\;C:\WINDOWS\System32\OpenSSH\;C:\Java\bin\;C:\Program Files\Git\cmd;C:\Program Files\Java\jdk-17\bin;C:\apache-maven-3.9.9\bin;C:\allure-2.34.1\bin;C:\tools\allure-2.34.1\bin;C:\Program Files\nodejs\;C:\Users\BinDangVan\AppData\Local\Android\Sdk;C:\Users\BinDangVan\AppData\Local\Android\Sdk\platform-tools;C:\Users\BinDangVan\AppData\Local\Android\Sdk\cmdline-tools\bin;C:\Users\BinDangVan\AppData\Local\Android\Sdk\emulator;C:\Program Files\k6\;C:\Java\bin;C:\Users\BinDangVan\AppData\Local\Microsoft\WindowsApps;C:\Users\BinDangVan\AppData\Local\Programs\Microsoft VS Code\bin;C:\Program Files\JetBrains\IntelliJ IDEA 2024.3.5\bin;;C:\Users\BinDangVan\AppData\Local\GitHubDesktop\bin;C:\Users\BinDangVan\AppData\Roaming\npm;C:\Users\BinDangVan\AppData\Local\JetBrains\IntelliJ IDEA Community Edition 2025.1.3\bin;;C:\Users\BinDangVan\AppData\Local\Android\Sdk\platform-tools;
USERNAME=BinDangVan
OS=Windows_NT
PROCESSOR_IDENTIFIER=Intel64 Family 6 Model 140 Stepping 1, GenuineIntel
TMP=C:\Users\BINDAN~1\AppData\Local\Temp
TEMP=C:\Users\BINDAN~1\AppData\Local\Temp




Periodic native trim disabled

---------------  S Y S T E M  ---------------

OS:
 Windows 11 , 64 bit Build 26100 (10.0.26100.7019)
OS uptime: 9 days 18:24 hours
Hyper-V role detected

CPU: total 8 (initial active 8) (4 cores per cpu, 2 threads per core) family 6 model 140 stepping 1 microcode 0xba, cx8, cmov, fxsr, ht, mmx, 3dnowpref, sse, sse2, sse3, ssse3, sse4.1, sse4.2, popcnt, lzcnt, tsc, tscinvbit, avx, avx2, aes, erms, clmul, bmi1, bmi2, adx, avx512f, avx512dq, avx512cd, avx512bw, avx512vl, sha, fma, vzeroupper, avx512_vpopcntdq, avx512_vpclmulqdq, avx512_vaes, avx512_vnni, clflush, clflushopt, clwb, avx512_vbmi2, avx512_vbmi, hv, rdtscp, rdpid, fsrm, gfni, avx512_bitalg, f16c, cet_ibt, cet_ss, avx512_ifma
Processor Information for processor 0
  Max Mhz: 1382, Current Mhz: 1382, Mhz Limit: 1382
Processor Information for processor 1
  Max Mhz: 1382, Current Mhz: 1382, Mhz Limit: 1382
Processor Information for processor 2
  Max Mhz: 1382, Current Mhz: 1382, Mhz Limit: 1382
Processor Information for processor 3
  Max Mhz: 1382, Current Mhz: 1382, Mhz Limit: 1382
Processor Information for processor 4
  Max Mhz: 1382, Current Mhz: 1382, Mhz Limit: 1382
Processor Information for processor 5
  Max Mhz: 1382, Current Mhz: 1382, Mhz Limit: 1382
Processor Information for processor 6
  Max Mhz: 1382, Current Mhz: 1184, Mhz Limit: 1382
Processor Information for processor 7
  Max Mhz: 1382, Current Mhz: 1382, Mhz Limit: 1382

Memory: 4k page, system-wide physical 15781M (2774M free)
TotalPageFile size 31653M (AvailPageFile size 10314M)
current process WorkingSet (physical memory assigned to process): 30M, peak: 354M
current process commit charge ("private bytes"): 202M, peak: 488M

vm_info: OpenJDK 64-Bit Server VM (21.0.6+7-LTS) for windows-amd64 JRE (21.0.6+7-LTS), built on 2025-01-21T00:00:00Z by "admin" with MS VC++ 17.7 (VS2022)

END.
